Participants (15): 0421_1915_upd200, 0421_2055_upd200, 0421_2237_upd200, 0422_1102_upd200, 0422_1254_upd200, 0422_1446_upd200, 0422_1652_upd200, 0422_1842_upd200, 0422_2040_upd200, 0422_2233_upd200, 0423_0008_upd200, 0423_0153_upd200, random, heuristic, simple
Running 105 pairings x 1000 games = 105000 total games
Using 16 workers running pairings in parallel

  [4/105] 0421_1915_upd200 vs random: 997/1000 (100%)  (58.3s)
  [5/105] 0421_1915_upd200 vs simple: 963/1000 (96%)  (62.6s)
  [6/105] 0421_1915_upd200 vs heuristic: 682/1000 (68%)  (69.5s)
  [7/105] 0421_1915_upd200 vs 0421_2055_upd200: 487/1000 (49%)  (147.3s)
  [8/105] 0421_1915_upd200 vs 0422_1102_upd200: 537/1000 (54%)  (148.0s)
  [9/105] 0421_1915_upd200 vs 0422_1652_upd200: 568/1000 (57%)  (150.2s)
  [10/105] 0421_1915_upd200 vs 0422_1254_upd200: 544/1000 (54%)  (153.5s)
  [11/105] 0421_2055_upd200 vs 0422_1102_upd200: 557/1000 (56%)  (153.7s)
  [12/105] 0421_2055_upd200 vs 0421_2237_upd200: 507/1000 (51%)  (154.1s)
  [13/105] 0421_1915_upd200 vs 0421_2237_upd200: 508/1000 (51%)  (154.9s)
  [14/105] 0421_1915_upd200 vs 0422_1446_upd200: 521/1000 (52%)  (158.8s)
  [15/105] 0421_1915_upd200 vs 0422_1842_upd200: 535/1000 (54%)  (159.2s)
  [16/105] 0421_1915_upd200 vs 0422_2233_upd200: 528/1000 (53%)  (159.7s)
  [17/105] 0421_1915_upd200 vs 0423_0008_upd200: 551/1000 (55%)  (159.8s)
  [18/105] 0421_1915_upd200 vs 0422_2040_upd200: 537/1000 (54%)  (162.7s)
  [19/105] 0421_1915_upd200 vs 0423_0153_upd200: 514/1000 (51%)  (164.1s)
  [20/105] 0421_2055_upd200 vs 0422_1254_upd200: 570/1000 (57%)  (198.9s)
  [21/105] 0421_2055_upd200 vs 0422_1446_upd200: 514/1000 (51%)  (201.5s)
  [22/105] 0421_2055_upd200 vs random: 1000/1000 (100%)  (202.3s)
  [23/105] 0421_2055_upd200 vs simple: 967/1000 (97%)  (211.9s)
  [24/105] 0421_2055_upd200 vs 0422_1652_upd200: 569/1000 (57%)  (215.6s)
  [25/105] 0421_2055_upd200 vs heuristic: 700/1000 (70%)  (215.9s)
  [26/105] 0421_2237_upd200 vs random: 997/1000 (100%)  (263.6s)
  [27/105] 0421_2237_upd200 vs heuristic: 677/1000 (68%)  (277.2s)
  [28/105] 0421_2055_upd200 vs 0422_1842_upd200: 552/1000 (55%)  (284.5s)
  [29/105] 0421_2055_upd200 vs 0422_2040_upd200: 506/1000 (51%)  (286.6s)
  [30/105] 0421_2055_upd200 vs 0422_2233_upd200: 530/1000 (53%)  (286.7s)
  [31/105] 0421_2055_upd200 vs 0423_0008_upd200: 551/1000 (55%)  (290.4s)
  [32/105] 0421_2055_upd200 vs 0423_0153_upd200: 506/1000 (51%)  (301.6s)
  [33/105] 0421_2237_upd200 vs 0422_1446_upd200: 517/1000 (52%)  (301.9s)
  [34/105] 0421_2237_upd200 vs 0422_1842_upd200: 529/1000 (53%)  (303.6s)
  [35/105] 0421_2237_upd200 vs 0422_1652_upd200: 557/1000 (56%)  (304.5s)
  [36/105] 0421_2237_upd200 vs 0422_1254_upd200: 552/1000 (55%)  (305.5s)
  [37/105] 0421_2237_upd200 vs 0422_1102_upd200: 532/1000 (53%)  (306.9s)
  [38/105] 0421_2237_upd200 vs simple: 966/1000 (97%)  (316.7s)
  [39/105] 0421_2237_upd200 vs 0422_2040_upd200: 511/1000 (51%)  (331.7s)
  [40/105] 0421_2237_upd200 vs 0423_0008_upd200: 504/1000 (50%)  (339.8s)
  [41/105] 0421_2237_upd200 vs 0422_2233_upd200: 514/1000 (51%)  (340.0s)
  [42/105] 0422_1102_upd200 vs random: 998/1000 (100%)  (350.6s)
  [43/105] 0422_1102_upd200 vs simple: 965/1000 (96%)  (356.7s)
  [44/105] 0421_2237_upd200 vs 0423_0153_upd200: 534/1000 (53%)  (357.8s)
  [45/105] 0422_1102_upd200 vs heuristic: 675/1000 (68%)  (358.5s)
  [46/105] 0422_1102_upd200 vs 0422_1254_upd200: 533/1000 (53%)  (398.9s)
  [47/105] 0422_1254_upd200 vs random: 1000/1000 (100%)  (402.2s)
  [48/105] 0422_1102_upd200 vs 0422_1652_upd200: 501/1000 (50%)  (415.2s)
  [49/105] 0422_1102_upd200 vs 0422_1842_upd200: 492/1000 (49%)  (415.8s)
  [50/105] 0422_1102_upd200 vs 0422_1446_upd200: 473/1000 (47%)  (417.4s)
  [51/105] 0422_1102_upd200 vs 0422_2040_upd200: 498/1000 (50%)  (418.9s)
  [52/105] 0422_1102_upd200 vs 0422_2233_upd200: 482/1000 (48%)  (426.9s)
  [53/105] 0422_1102_upd200 vs 0423_0008_upd200: 549/1000 (55%)  (430.7s)
  [54/105] 0422_1102_upd200 vs 0423_0153_upd200: 471/1000 (47%)  (430.7s)
  [55/105] 0422_1254_upd200 vs 0422_1446_upd200: 481/1000 (48%)  (439.5s)
  [56/105] 0422_1254_upd200 vs simple: 958/1000 (96%)  (447.8s)
  [57/105] 0422_1254_upd200 vs heuristic: 672/1000 (67%)  (448.8s)
  [58/105] 0422_1254_upd200 vs 0422_1652_upd200: 512/1000 (51%)  (455.2s)
  [59/105] 0422_1254_upd200 vs 0422_1842_upd200: 503/1000 (50%)  (460.2s)
  [60/105] 0422_1254_upd200 vs 0422_2040_upd200: 495/1000 (50%)  (461.3s)
  [61/105] 0422_1446_upd200 vs random: 999/1000 (100%)  (471.0s)
  [62/105] 0422_1254_upd200 vs 0422_2233_upd200: 489/1000 (49%)  (474.4s)
  [63/105] 0422_1254_upd200 vs 0423_0008_upd200: 507/1000 (51%)  (481.0s)
  [64/105] 0422_1254_upd200 vs 0423_0153_upd200: 494/1000 (49%)  (486.7s)
  [65/105] 0422_1446_upd200 vs heuristic: 690/1000 (69%)  (487.1s)
  [66/105] 0422_1446_upd200 vs simple: 967/1000 (97%)  (491.1s)
  [67/105] 0422_1652_upd200 vs random: 1000/1000 (100%)  (514.0s)
  [68/105] 0422_1446_upd200 vs 0422_1652_upd200: 534/1000 (53%)  (524.1s)
  [69/105] 0422_1652_upd200 vs heuristic: 681/1000 (68%)  (527.7s)
  [70/105] 0422_1652_upd200 vs simple: 941/1000 (94%)  (529.1s)
  [71/105] 0422_1446_upd200 vs 0422_1842_upd200: 521/1000 (52%)  (530.9s)
  [72/105] 0422_1446_upd200 vs 0422_2040_upd200: 530/1000 (53%)  (536.2s)
  [73/105] 0422_1446_upd200 vs 0422_2233_upd200: 510/1000 (51%)  (537.5s)
  [74/105] 0422_1446_upd200 vs 0423_0008_upd200: 523/1000 (52%)  (548.5s)
  [75/105] 0422_1446_upd200 vs 0423_0153_upd200: 487/1000 (49%)  (553.4s)
  [76/105] 0422_1652_upd200 vs 0422_1842_upd200: 455/1000 (46%)  (558.4s)
  [77/105] 0422_1842_upd200 vs random: 1000/1000 (100%)  (566.6s)
  [78/105] 0422_1652_upd200 vs 0422_2040_upd200: 479/1000 (48%)  (571.4s)
  [79/105] 0422_1842_upd200 vs simple: 959/1000 (96%)  (574.6s)
  [80/105] 0422_1842_upd200 vs heuristic: 661/1000 (66%)  (576.7s)
  [81/105] 0422_1652_upd200 vs 0423_0008_upd200: 516/1000 (52%)  (578.7s)
  [82/105] 0422_1652_upd200 vs 0422_2233_upd200: 498/1000 (50%)  (581.8s)
  [83/105] 0422_2040_upd200 vs random: 999/1000 (100%)  (591.0s)
  [84/105] 0422_1652_upd200 vs 0423_0153_upd200: 453/1000 (45%)  (596.5s)
  [85/105] 0422_1842_upd200 vs 0422_2040_upd200: 486/1000 (49%)  (598.1s)
  [86/105] 0422_2040_upd200 vs heuristic: 681/1000 (68%)  (604.5s)
  [87/105] 0422_1842_upd200 vs 0422_2233_upd200: 512/1000 (51%)  (605.9s)
  [88/105] 0422_2040_upd200 vs simple: 947/1000 (95%)  (607.9s)
  [89/105] 0422_2233_upd200 vs random: 998/1000 (100%)  (613.8s)
  [90/105] 0422_2233_upd200 vs simple: 961/1000 (96%)  (622.5s)
  [91/105] 0422_2233_upd200 vs heuristic: 648/1000 (65%)  (625.2s)
  [92/105] 0422_1842_upd200 vs 0423_0008_upd200: 506/1000 (51%)  (630.7s)
  [93/105] 0423_0008_upd200 vs random: 999/1000 (100%)  (632.1s)
  [94/105] 0423_0008_upd200 vs heuristic: 681/1000 (68%)  (639.1s)
  [95/105] 0423_0153_upd200 vs random: 999/1000 (100%)  (639.6s)
  [96/105] 0423_0008_upd200 vs simple: 952/1000 (95%)  (641.6s)
  [97/105] 0422_1842_upd200 vs 0423_0153_upd200: 478/1000 (48%)  (643.1s)
  [98/105] 0422_2040_upd200 vs 0422_2233_upd200: 525/1000 (52%)  (644.3s)
  [99/105] 0423_0153_upd200 vs simple: 962/1000 (96%)  (647.0s)
  [100/105] 0422_2040_upd200 vs 0423_0008_upd200: 536/1000 (54%)  (647.2s)
  [101/105] 0423_0153_upd200 vs heuristic: 666/1000 (67%)  (648.8s)
  [102/105] 0422_2040_upd200 vs 0423_0153_upd200: 465/1000 (46%)  (650.6s)
  [103/105] 0422_2233_upd200 vs 0423_0008_upd200: 531/1000 (53%)  (660.4s)
  [104/105] 0422_2233_upd200 vs 0423_0153_upd200: 474/1000 (47%)  (662.2s)
  [105/105] 0423_0008_upd200 vs 0423_0153_upd200: 432/1000 (43%)  (665.1s)

Games complete in 674.7s

============================================================
ELO LEADERBOARD
============================================================
Rank  Name               Elo     W     L   Win%
------------------------------------------------------------
1     0421_2055_upd200   1006  8542  5458  61.0%
2     0421_1915_upd200   1000  8472  5528  60.5%
3     0421_2237_upd200    997  8375  5625  59.8%
4     0423_0153_upd200    994  8319  5681  59.4%
5     0422_1446_upd200    991  8255  5745  59.0%
6     0422_2040_upd200    983  8111  5889  57.9%
7     0422_2233_upd200    978  8024  5976  57.3%
8     0422_1842_upd200    978  8015  5985  57.2%
9     0422_1102_upd200    978  8011  5989  57.2%
10    0422_1254_upd200    973  7912  6088  56.5%
11    0423_0008_upd200    966  7790  6210  55.6%
12    0422_1652_upd200    966  7782  6218  55.6%
13    heuristic          852  5727  8273  40.9%
14    simple             452  1571 12429  11.2%
15    random             -41    94 13906   0.7%
============================================================
