Participants (6): 0421_1915_upd200, 0422_1102_upd200, 0423_0628_upd400, random, heuristic, simple
Running 15 pairings x 1000 games = 15000 total games
Using 16 workers running pairings in parallel

  [4/15] 0423_0628_upd400 vs random: 999/1000 (100%)  (32.9s)
  [5/15] 0421_1915_upd200 vs random: 1000/1000 (100%)  (32.9s)
  [6/15] 0422_1102_upd200 vs random: 997/1000 (100%)  (33.9s)
  [7/15] 0423_0628_upd400 vs simple: 948/1000 (95%)  (34.8s)
  [8/15] 0421_1915_upd200 vs simple: 967/1000 (97%)  (35.1s)
  [9/15] 0422_1102_upd200 vs simple: 946/1000 (95%)  (35.8s)
  [10/15] 0423_0628_upd400 vs heuristic: 674/1000 (67%)  (37.3s)
  [11/15] 0421_1915_upd200 vs heuristic: 703/1000 (70%)  (37.6s)
  [12/15] 0422_1102_upd200 vs heuristic: 648/1000 (65%)  (37.7s)
  [13/15] 0421_1915_upd200 vs 0422_1102_upd200: 541/1000 (54%)  (63.5s)
  [14/15] 0421_1915_upd200 vs 0423_0628_upd400: 543/1000 (54%)  (63.8s)
  [15/15] 0422_1102_upd200 vs 0423_0628_upd400: 457/1000 (46%)  (64.4s)

Games complete in 74.6s

============================================================
ELO LEADERBOARD
============================================================
Rank  Name               Elo     W     L   Win%
------------------------------------------------------------
1     0421_1915_upd200   1000  3754  1246  75.1%
2     0423_0628_upd400    977  3621  1379  72.4%
3     0422_1102_upd200    958  3507  1493  70.1%
4     heuristic          838  2790  2210  55.8%
5     simple             501  1245  3755  24.9%
6     random              26    83  4917   1.7%
============================================================
