Participants (7): 0421_1915_upd200, 0422_1102_upd200, 0423_1930_upd175, 0423_2139_upd200, random, heuristic, simple
Running 21 pairings x 1000 games = 21000 total games
Using 16 workers running pairings in parallel

  [4/21] 0421_1915_upd200 vs random: 1000/1000 (100%)  (46.5s)
  [5/21] 0423_1930_upd175 vs random: 999/1000 (100%)  (46.7s)
  [6/21] 0422_1102_upd200 vs random: 1000/1000 (100%)  (46.7s)
  [7/21] 0423_2139_upd200 vs random: 998/1000 (100%)  (47.6s)
  [8/21] 0422_1102_upd200 vs simple: 958/1000 (96%)  (49.8s)
  [9/21] 0423_1930_upd175 vs simple: 958/1000 (96%)  (50.0s)
  [10/21] 0421_1915_upd200 vs simple: 958/1000 (96%)  (50.1s)
  [11/21] 0421_1915_upd200 vs heuristic: 681/1000 (68%)  (53.8s)
  [12/21] 0422_1102_upd200 vs heuristic: 633/1000 (63%)  (53.8s)
  [13/21] 0423_1930_upd175 vs heuristic: 672/1000 (67%)  (55.9s)
  [14/21] 0423_2139_upd200 vs simple: 956/1000 (96%)  (82.1s)
  [15/21] 0423_2139_upd200 vs heuristic: 661/1000 (66%)  (85.3s)
  [16/21] 0421_1915_upd200 vs 0423_2139_upd200: 557/1000 (56%)  (109.2s)
  [17/21] 0422_1102_upd200 vs 0423_2139_upd200: 489/1000 (49%)  (111.3s)
  [18/21] 0421_1915_upd200 vs 0423_1930_upd175: 509/1000 (51%)  (111.7s)
  [19/21] 0423_1930_upd175 vs 0423_2139_upd200: 554/1000 (55%)  (111.8s)
  [20/21] 0421_1915_upd200 vs 0422_1102_upd200: 530/1000 (53%)  (112.0s)
  [21/21] 0422_1102_upd200 vs 0423_1930_upd175: 450/1000 (45%)  (112.3s)

Games complete in 122.6s

============================================================
ELO LEADERBOARD
============================================================
Rank  Name               Elo     W     L   Win%
------------------------------------------------------------
1     0421_1915_upd200   1000  4235  1765  70.6%
2     0423_1930_upd175    999  4224  1776  70.4%
3     0423_2139_upd200    970  4015  1985  66.9%
4     0422_1102_upd200    968  4000  2000  66.7%
5     heuristic          856  3183  2817  53.0%
6     simple             484  1247  4753  20.8%
7     random              35    96  5904   1.6%
============================================================
